c:\work\rfid_proj\rfid_proj\rfid\rfid\x64\debug\rfid.pch
c:\work\rfid_proj\rfid_proj\rfid\rfid\x64\debug\vc143.pdb
c:\work\rfid_proj\rfid_proj\rfid\rfid\x64\debug\vc143.idb
c:\work\rfid_proj\rfid_proj\rfid\rfid\x64\debug\pch.obj
c:\work\rfid_proj\rfid_proj\rfid\rfid\x64\debug\rfiddlg.obj
c:\work\rfid_proj\rfid_proj\rfid\rfid\x64\debug\rfid.obj
c:\work\rfid_proj\rfid_proj\rfid\rfid\x64\debug\is_d2xx.obj
c:\work\rfid_proj\rfid_proj\rfid\x64\debug\rfid.exe
c:\work\rfid_proj\rfid_proj\rfid\rfid\x64\debug\rfid.ilk
c:\work\rfid_proj\rfid_proj\rfid\x64\debug\rfid.pdb
c:\work\rfid_proj\rfid_proj\rfid\rfid\x64\debug\rfid.res
c:\work\rfid_proj\rfid_proj\rfid\rfid\x64\debug\rfid.tlog\cl.command.1.tlog
c:\work\rfid_proj\rfid_proj\rfid\rfid\x64\debug\rfid.tlog\cl.items.tlog
c:\work\rfid_proj\rfid_proj\rfid\rfid\x64\debug\rfid.tlog\cl.read.1.tlog
c:\work\rfid_proj\rfid_proj\rfid\rfid\x64\debug\rfid.tlog\cl.write.1.tlog
c:\work\rfid_proj\rfid_proj\rfid\rfid\x64\debug\rfid.tlog\link.command.1.tlog
c:\work\rfid_proj\rfid_proj\rfid\rfid\x64\debug\rfid.tlog\link.read.1.tlog
c:\work\rfid_proj\rfid_proj\rfid\rfid\x64\debug\rfid.tlog\link.write.1.tlog
c:\work\rfid_proj\rfid_proj\rfid\rfid\x64\debug\rfid.tlog\rc.command.1.tlog
c:\work\rfid_proj\rfid_proj\rfid\rfid\x64\debug\rfid.tlog\rc.read.1.tlog
c:\work\rfid_proj\rfid_proj\rfid\rfid\x64\debug\rfid.tlog\rc.write.1.tlog
