z:\새 폴더\mexdiary\mexdiary\mexdiary\x64\debug\mexdiary.pch
z:\새 폴더\mexdiary\mexdiary\mexdiary\x64\debug\vc143.pdb
z:\새 폴더\mexdiary\mexdiary\mexdiary\x64\debug\vc143.idb
z:\새 폴더\mexdiary\mexdiary\mexdiary\x64\debug\pch.obj
z:\새 폴더\mexdiary\mexdiary\mexdiary\x64\debug\mexdiaryview.obj
z:\새 폴더\mexdiary\mexdiary\mexdiary\x64\debug\mexdiarydoc.obj
z:\새 폴더\mexdiary\mexdiary\mexdiary\x64\debug\mexdiary.obj
z:\새 폴더\mexdiary\mexdiary\mexdiary\x64\debug\mainfrm.obj
z:\새 폴더\mexdiary\mexdiary\mexdiary\x64\debug\childfrm.obj
z:\새 폴더\mexdiary\mexdiary\x64\debug\mexdiary.exe
z:\새 폴더\mexdiary\mexdiary\mexdiary\x64\debug\mexdiary.ilk
z:\새 폴더\mexdiary\mexdiary\x64\debug\mexdiary.pdb
z:\새 폴더\mexdiary\mexdiary\mexdiary\x64\debug\mexdiary.res
z:\새 폴더\mexdiary\mexdiary\mexdiary\x64\debug\mexdiary.tlog\cl.command.1.tlog
z:\새 폴더\mexdiary\mexdiary\mexdiary\x64\debug\mexdiary.tlog\cl.items.tlog
z:\새 폴더\mexdiary\mexdiary\mexdiary\x64\debug\mexdiary.tlog\cl.read.1.tlog
z:\새 폴더\mexdiary\mexdiary\mexdiary\x64\debug\mexdiary.tlog\cl.write.1.tlog
z:\새 폴더\mexdiary\mexdiary\mexdiary\x64\debug\mexdiary.tlog\link.command.1.tlog
z:\새 폴더\mexdiary\mexdiary\mexdiary\x64\debug\mexdiary.tlog\link.read.1.tlog
z:\새 폴더\mexdiary\mexdiary\mexdiary\x64\debug\mexdiary.tlog\link.write.1.tlog
z:\새 폴더\mexdiary\mexdiary\mexdiary\x64\debug\mexdiary.tlog\rc.command.1.tlog
z:\새 폴더\mexdiary\mexdiary\mexdiary\x64\debug\mexdiary.tlog\rc.read.1.tlog
z:\새 폴더\mexdiary\mexdiary\mexdiary\x64\debug\mexdiary.tlog\rc.write.1.tlog
